Using pre-set license
Built from '2020.3/staging' branch; Version is '2020.3.11f1 (99c7afb366b3) revision 10078127'; Using compiler version '192528614'; Build Type 'Release'
OS: 'Windows 10 Pro; OS build 18362.356; Version 1903; 64bit' Language: 'uk' Physical Memory: 8078 MB
BatchMode: 1, IsHumanControllingUs: 0, StartBugReporterOnCrash: 0, Is64bit: 1, IsPro: 0

 COMMAND LINE ARGUMENTS:
D:\Game dev\2020.3.11f1\Editor\Unity.exe
-adb2
-batchMode
-noUpm
-name
AssetImportWorker0
-projectPath
D:/Game dev/My_Diploma_Project
-logFile
Logs/AssetImportWorker0.log
-srvPort
65248
Successfully changed project path to: D:/Game dev/My_Diploma_Project
D:/Game dev/My_Diploma_Project
Using Asset Import Pipeline V2.
Refreshing native plugins compatible for Editor in 37.13 ms, found 2 plugins.
Preloading 0 native plugins for Editor in 0.00 ms.
Initialize engine version: 2020.3.11f1 (99c7afb366b3)
[Subsystems] Discovering subsystems at path D:/Game dev/2020.3.11f1/Editor/Data/Resources/UnitySubsystems
[Subsystems] Discovering subsystems at path D:/Game dev/My_Diploma_Project/Assets
GfxDevice: creating device client; threaded=0
Direct3D:
    Version:  Direct3D 11.0 [level 11.1]
    Renderer: Intel(R) UHD Graphics 620 (ID=0x3ea0)
    Vendor:   
    VRAM:     4039 MB
    Driver:   25.20.100.6617
Initialize mono
Mono path[0] = 'D:/Game dev/2020.3.11f1/Editor/Data/Managed'
Mono path[1] = 'D:/Game dev/2020.3.11f1/Editor/Data/MonoBleedingEdge/lib/mono/unityjit'
Mono config path = 'D:/Game dev/2020.3.11f1/Editor/Data/MonoBleedingEdge/etc'
Using monoOptions --debugger-agent=transport=dt_socket,embedding=1,server=y,suspend=n,address=127.0.0.1:56608
Begin MonoManager ReloadAssembly
Registering precompiled unity dll's ...
Register platform support module: D:/Game dev/2020.3.11f1/Editor/Data/PlaybackEngines/WindowsStandaloneSupport/UnityEditor.WindowsStandalone.Extensions.dll
Registered in 0.000842 seconds.
Native extension for WindowsStandalone target not found
Refreshing native plugins compatible for Editor in 43.17 ms, found 2 plugins.
Preloading 0 native plugins for Editor in 0.00 ms.
Mono: successfully reloaded assembly
- Completed reload, in  1.227 seconds
Platform modules already initialized, skipping
Registering precompiled user dll's ...
Registered in 0.003353 seconds.
Begin MonoManager ReloadAssembly
Native extension for WindowsStandalone target not found
Refreshing native plugins compatible for Editor in 0.36 ms, found 2 plugins.
Preloading 0 native plugins for Editor in 0.00 ms.
Mono: successfully reloaded assembly
- Completed reload, in  1.260 seconds
Platform modules already initialized, skipping
========================================================================
Worker process is ready to serve import requests
Launched and connected shader compiler UnityShaderCompiler.exe after 0.04 seconds
Refreshing native plugins compatible for Editor in 0.34 ms, found 2 plugins.
Preloading 0 native plugins for Editor in 0.00 ms.
Unloading 1538 Unused Serialized files (Serialized files now loaded: 0)
System memory in use before: 72.9 MB.
System memory in use after: 72.9 MB.

Unloading 20 unused Assets to reduce memory usage. Loaded Objects now: 1980.
Total: 2.486800 ms (FindLiveObjects: 0.190600 ms CreateObjectMapping: 0.048200 ms MarkObjects: 2.081200 ms  DeleteObjects: 0.165800 ms)

========================================================================
Received Import Request.
  path: Assets/Prefabs/Shield.prefab
  artifactKey: Guid(410ddc099bc35de46b5c7af7656019fe) Importer(815301076,1909f56bfc062723c751e8b465ee728b)
Start importing Assets/Prefabs/Shield.prefab using Guid(410ddc099bc35de46b5c7af7656019fe) Importer(815301076,1909f56bfc062723c751e8b465ee728b)  -> (artifact id: '994d33e7316982e9b3c6c0d5cc983299') in 0.178537 seconds
  Import took 0.181982 seconds .

========================================================================
Received Import Request.
  Time since last request: 0.012855 seconds.
  path: Assets/Prefabs/Shield.prefab
  artifactKey: Guid(410ddc099bc35de46b5c7af7656019fe) Importer(815301076,1909f56bfc062723c751e8b465ee728b)
Start importing Assets/Prefabs/Shield.prefab using Guid(410ddc099bc35de46b5c7af7656019fe) Importer(815301076,1909f56bfc062723c751e8b465ee728b)  -> (artifact id: '994d33e7316982e9b3c6c0d5cc983299') in 0.014401 seconds
  Import took 0.018919 seconds .

========================================================================
Received Import Request.
  Time since last request: 43.222625 seconds.
  path: ProjectSettings/TagManager.asset
  artifactKey: Guid(00000000000000003000000000000000) Importer(815301076,1909f56bfc062723c751e8b465ee728b)
Start importing ProjectSettings/TagManager.asset using Guid(00000000000000003000000000000000) Importer(815301076,1909f56bfc062723c751e8b465ee728b)  -> (artifact id: 'ce6a35c3cddc746e7501c0bd0ed6d4ce') in 0.003267 seconds
  Import took 0.006291 seconds .

========================================================================
Received Import Request.
  Time since last request: 0.038098 seconds.
  path: ProjectSettings/TagManager.asset
  artifactKey: Guid(00000000000000003000000000000000) Importer(815301076,1909f56bfc062723c751e8b465ee728b)
Start importing ProjectSettings/TagManager.asset using Guid(00000000000000003000000000000000) Importer(815301076,1909f56bfc062723c751e8b465ee728b)  -> (artifact id: 'ce6a35c3cddc746e7501c0bd0ed6d4ce') in 0.001962 seconds
  Import took 0.005939 seconds .

========================================================================
Received Import Request.
  Time since last request: 162.784110 seconds.
  path: Assets/Scripts/InputManeger.cs
  artifactKey: Guid(4bff0d0e0ff88784898e390e9eeae7fd) Importer(815301076,1909f56bfc062723c751e8b465ee728b)
Start importing Assets/Scripts/InputManeger.cs using Guid(4bff0d0e0ff88784898e390e9eeae7fd) Importer(815301076,1909f56bfc062723c751e8b465ee728b)  -> (artifact id: '1666955389de98624e731502c846f822') in 0.007902 seconds
  Import took 0.027549 seconds .

========================================================================
Received Prepare
Registering precompiled user dll's ...
Registered in 0.002776 seconds.
Begin MonoManager ReloadAssembly
Native extension for WindowsStandalone target not found
Refreshing native plugins compatible for Editor in 0.37 ms, found 2 plugins.
Preloading 0 native plugins for Editor in 0.00 ms.
Mono: successfully reloaded assembly
- Completed reload, in  1.140 seconds
Platform modules already initialized, skipping
Refreshing native plugins compatible for Editor in 0.38 ms, found 2 plugins.
Preloading 0 native plugins for Editor in 0.00 ms.
Unloading 1532 Unused Serialized files (Serialized files now loaded: 0)
System memory in use before: 75.8 MB.
System memory in use after: 75.9 MB.

Unloading 17 unused Assets to reduce memory usage. Loaded Objects now: 1991.
Total: 2.040600 ms (FindLiveObjects: 0.136100 ms CreateObjectMapping: 0.039800 ms MarkObjects: 1.723400 ms  DeleteObjects: 0.140500 ms)

========================================================================
Received Prepare
Registering precompiled user dll's ...
Registered in 0.002402 seconds.
Begin MonoManager ReloadAssembly
Native extension for WindowsStandalone target not found
Refreshing native plugins compatible for Editor in 0.55 ms, found 2 plugins.
Preloading 0 native plugins for Editor in 0.00 ms.
Mono: successfully reloaded assembly
- Completed reload, in  1.164 seconds
Platform modules already initialized, skipping
Refreshing native plugins compatible for Editor in 0.42 ms, found 2 plugins.
Preloading 0 native plugins for Editor in 0.00 ms.
Unloading 1532 Unused Serialized files (Serialized files now loaded: 0)
System memory in use before: 75.9 MB.
System memory in use after: 75.9 MB.

Unloading 15 unused Assets to reduce memory usage. Loaded Objects now: 1994.
Total: 3.111900 ms (FindLiveObjects: 0.160500 ms CreateObjectMapping: 0.051900 ms MarkObjects: 2.766000 ms  DeleteObjects: 0.132300 ms)

========================================================================
Received Prepare
Registering precompiled user dll's ...
Registered in 0.002304 seconds.
Begin MonoManager ReloadAssembly
Native extension for WindowsStandalone target not found
Refreshing native plugins compatible for Editor in 0.39 ms, found 2 plugins.
Preloading 0 native plugins for Editor in 0.00 ms.
Mono: successfully reloaded assembly
- Completed reload, in  1.199 seconds
Platform modules already initialized, skipping
Refreshing native plugins compatible for Editor in 0.46 ms, found 2 plugins.
Preloading 0 native plugins for Editor in 0.00 ms.
Unloading 1532 Unused Serialized files (Serialized files now loaded: 0)
System memory in use before: 75.9 MB.
System memory in use after: 76.0 MB.

Unloading 15 unused Assets to reduce memory usage. Loaded Objects now: 1997.
Total: 3.299700 ms (FindLiveObjects: 0.221800 ms CreateObjectMapping: 0.046400 ms MarkObjects: 2.869000 ms  DeleteObjects: 0.146000 ms)

========================================================================
Received Import Request.
  Time since last request: 138.794230 seconds.
  path: Assets/Scripts/InputManeger.cs
  artifactKey: Guid(4bff0d0e0ff88784898e390e9eeae7fd) Importer(815301076,1909f56bfc062723c751e8b465ee728b)
Start importing Assets/Scripts/InputManeger.cs using Guid(4bff0d0e0ff88784898e390e9eeae7fd) Importer(815301076,1909f56bfc062723c751e8b465ee728b)  -> (artifact id: '72087abc5fea9193238882164e7137e1') in 0.004128 seconds
  Import took 0.007273 seconds .

========================================================================
Received Import Request.
  Time since last request: 0.005178 seconds.
  path: Assets/Scripts/InputManeger.cs
  artifactKey: Guid(4bff0d0e0ff88784898e390e9eeae7fd) Importer(815301076,1909f56bfc062723c751e8b465ee728b)
Start importing Assets/Scripts/InputManeger.cs using Guid(4bff0d0e0ff88784898e390e9eeae7fd) Importer(815301076,1909f56bfc062723c751e8b465ee728b)  -> (artifact id: '72087abc5fea9193238882164e7137e1') in 0.002592 seconds
  Import took 0.006092 seconds .

========================================================================
Received Import Request.
  Time since last request: 8.907588 seconds.
  path: Assets/Scripts/ItemScript.cs
  artifactKey: Guid(4bff0d0e0ff88784898e390e9eeae7fd) Importer(815301076,1909f56bfc062723c751e8b465ee728b)
Start importing Assets/Scripts/ItemScript.cs using Guid(4bff0d0e0ff88784898e390e9eeae7fd) Importer(815301076,1909f56bfc062723c751e8b465ee728b)  -> (artifact id: 'c6a4e4c4379078410cdf2ed40f04b585') in 0.002963 seconds
  Import took 0.006982 seconds .

========================================================================
Received Prepare
Registering precompiled user dll's ...
Registered in 0.003470 seconds.
Begin MonoManager ReloadAssembly
Native extension for WindowsStandalone target not found
Refreshing native plugins compatible for Editor in 0.42 ms, found 2 plugins.
Preloading 0 native plugins for Editor in 0.00 ms.
Mono: successfully reloaded assembly
- Completed reload, in  1.215 seconds
Platform modules already initialized, skipping
Refreshing native plugins compatible for Editor in 0.41 ms, found 2 plugins.
Preloading 0 native plugins for Editor in 0.00 ms.
Unloading 1532 Unused Serialized files (Serialized files now loaded: 0)
System memory in use before: 75.9 MB.
System memory in use after: 76.0 MB.

Unloading 15 unused Assets to reduce memory usage. Loaded Objects now: 2000.
Total: 2.623000 ms (FindLiveObjects: 0.264100 ms CreateObjectMapping: 0.094300 ms MarkObjects: 2.159300 ms  DeleteObjects: 0.104300 ms)

========================================================================
Received Import Request.
  Time since last request: 585.015434 seconds.
  path: Assets/DogKnight/Prefab/DogPolyart.prefab
  artifactKey: Guid(45288819fde2143449a96207b14db0bb) Importer(815301076,1909f56bfc062723c751e8b465ee728b)
Start importing Assets/DogKnight/Prefab/DogPolyart.prefab using Guid(45288819fde2143449a96207b14db0bb) Importer(815301076,1909f56bfc062723c751e8b465ee728b)  -> (artifact id: 'f6d026d97789bd5420cca8eaf54103cf') in 0.459426 seconds
  Import took 0.464445 seconds .

========================================================================
Received Prepare
Registering precompiled user dll's ...
Registered in 0.002398 seconds.
Begin MonoManager ReloadAssembly
Native extension for WindowsStandalone target not found
Refreshing native plugins compatible for Editor in 0.37 ms, found 2 plugins.
Preloading 0 native plugins for Editor in 0.00 ms.
Mono: successfully reloaded assembly
- Completed reload, in  0.992 seconds
Platform modules already initialized, skipping
Refreshing native plugins compatible for Editor in 0.35 ms, found 2 plugins.
Preloading 0 native plugins for Editor in 0.00 ms.
Unloading 1532 Unused Serialized files (Serialized files now loaded: 0)
System memory in use before: 89.5 MB.
System memory in use after: 89.6 MB.

Unloading 15 unused Assets to reduce memory usage. Loaded Objects now: 2005.
Total: 2.020900 ms (FindLiveObjects: 0.145700 ms CreateObjectMapping: 0.046100 ms MarkObjects: 1.728900 ms  DeleteObjects: 0.099200 ms)

========================================================================
Received Import Request.
  Time since last request: 39.734153 seconds.
  path: Assets/Prefabs/ItemUI.prefab
  artifactKey: Guid(8509d5d8060c8b941b4d41897411616b) Importer(815301076,1909f56bfc062723c751e8b465ee728b)
Start importing Assets/Prefabs/ItemUI.prefab using Guid(8509d5d8060c8b941b4d41897411616b) Importer(815301076,1909f56bfc062723c751e8b465ee728b)  -> (artifact id: '5265bed1dbef9176faad9fa96ba57c1e') in 0.034931 seconds
  Import took 0.037868 seconds .

========================================================================
Received Prepare
Registering precompiled user dll's ...
Registered in 0.002383 seconds.
Begin MonoManager ReloadAssembly
Native extension for WindowsStandalone target not found
Refreshing native plugins compatible for Editor in 0.40 ms, found 2 plugins.
Preloading 0 native plugins for Editor in 0.00 ms.
Mono: successfully reloaded assembly
- Completed reload, in  1.150 seconds
Platform modules already initialized, skipping
Refreshing native plugins compatible for Editor in 0.39 ms, found 2 plugins.
Preloading 0 native plugins for Editor in 0.00 ms.
Unloading 1532 Unused Serialized files (Serialized files now loaded: 0)
System memory in use before: 89.6 MB.
System memory in use after: 89.7 MB.

Unloading 15 unused Assets to reduce memory usage. Loaded Objects now: 2010.
Total: 2.424100 ms (FindLiveObjects: 0.163200 ms CreateObjectMapping: 0.055300 ms MarkObjects: 2.080800 ms  DeleteObjects: 0.123800 ms)

========================================================================
Received Import Request.
  Time since last request: 280.914505 seconds.
  path: Assets/Prefabs/Shield.prefab
  artifactKey: Guid(410ddc099bc35de46b5c7af7656019fe) Importer(815301076,1909f56bfc062723c751e8b465ee728b)
Start importing Assets/Prefabs/Shield.prefab using Guid(410ddc099bc35de46b5c7af7656019fe) Importer(815301076,1909f56bfc062723c751e8b465ee728b)  -> (artifact id: '437002098ece9bb4cfbd5e080e4da61b') in 0.076173 seconds
  Import took 0.080584 seconds .

========================================================================
Received Import Request.
  Time since last request: 0.008123 seconds.
  path: Assets/Prefabs/Shield.prefab
  artifactKey: Guid(410ddc099bc35de46b5c7af7656019fe) Importer(815301076,1909f56bfc062723c751e8b465ee728b)
Start importing Assets/Prefabs/Shield.prefab using Guid(410ddc099bc35de46b5c7af7656019fe) Importer(815301076,1909f56bfc062723c751e8b465ee728b)  -> (artifact id: '437002098ece9bb4cfbd5e080e4da61b') in 0.012129 seconds
  Import took 0.016691 seconds .

========================================================================
Received Prepare
Registering precompiled user dll's ...
Registered in 0.002376 seconds.
Begin MonoManager ReloadAssembly
Native extension for WindowsStandalone target not found
Refreshing native plugins compatible for Editor in 0.41 ms, found 2 plugins.
Preloading 0 native plugins for Editor in 0.00 ms.
Mono: successfully reloaded assembly
- Completed reload, in  1.173 seconds
Platform modules already initialized, skipping
Refreshing native plugins compatible for Editor in 0.42 ms, found 2 plugins.
Preloading 0 native plugins for Editor in 0.00 ms.
Unloading 1532 Unused Serialized files (Serialized files now loaded: 0)
System memory in use before: 89.6 MB.
System memory in use after: 89.7 MB.

Unloading 15 unused Assets to reduce memory usage. Loaded Objects now: 2014.
Total: 2.795600 ms (FindLiveObjects: 0.264500 ms CreateObjectMapping: 0.076600 ms MarkObjects: 2.362100 ms  DeleteObjects: 0.091200 ms)

========================================================================
Received Import Request.
  Time since last request: 146.363614 seconds.
  path: Assets/Prefabs/Shield.prefab
  artifactKey: Guid(410ddc099bc35de46b5c7af7656019fe) Importer(815301076,1909f56bfc062723c751e8b465ee728b)
Start importing Assets/Prefabs/Shield.prefab using Guid(410ddc099bc35de46b5c7af7656019fe) Importer(815301076,1909f56bfc062723c751e8b465ee728b)  -> (artifact id: 'f2f6e1f7dfb54e1ea926048d2c019081') in 0.071581 seconds
  Import took 0.074318 seconds .

========================================================================
Received Import Request.
  Time since last request: 1588.409023 seconds.
  path: Assets/DogKnight/Prefab/DogPolyart.prefab
  artifactKey: Guid(45288819fde2143449a96207b14db0bb) Importer(815301076,1909f56bfc062723c751e8b465ee728b)
Start importing Assets/DogKnight/Prefab/DogPolyart.prefab using Guid(45288819fde2143449a96207b14db0bb) Importer(815301076,1909f56bfc062723c751e8b465ee728b)  -> (artifact id: 'ecd0bc1e5e2542b32219ed6bbb863f63') in 0.090837 seconds
  Import took 0.095896 seconds .

========================================================================
Received Import Request.
  Time since last request: 30.076981 seconds.
  path: Assets/DogKnight/Prefab/DogPolyart.prefab
  artifactKey: Guid(45288819fde2143449a96207b14db0bb) Importer(815301076,1909f56bfc062723c751e8b465ee728b)
Start importing Assets/DogKnight/Prefab/DogPolyart.prefab using Guid(45288819fde2143449a96207b14db0bb) Importer(815301076,1909f56bfc062723c751e8b465ee728b)  -> (artifact id: 'e54a25ddd141f5d540b389c5ff24daf1') in 0.152227 seconds
  Import took 0.160357 seconds .

========================================================================
Received Import Request.
  Time since last request: 2.494051 seconds.
  path: Assets/DogKnight/Prefab/DogPolyart.prefab
  artifactKey: Guid(45288819fde2143449a96207b14db0bb) Importer(815301076,1909f56bfc062723c751e8b465ee728b)
Start importing Assets/DogKnight/Prefab/DogPolyart.prefab using Guid(45288819fde2143449a96207b14db0bb) Importer(815301076,1909f56bfc062723c751e8b465ee728b)  -> (artifact id: '21042d689fda0f0f6f0b4ec07a066df2') in 0.118356 seconds
  Import took 0.123768 seconds .

========================================================================
Received Prepare
Registering precompiled user dll's ...
Registered in 0.004871 seconds.
Begin MonoManager ReloadAssembly
Native extension for WindowsStandalone target not found
Refreshing native plugins compatible for Editor in 0.40 ms, found 2 plugins.
Preloading 0 native plugins for Editor in 0.00 ms.
Mono: successfully reloaded assembly
- Completed reload, in  1.185 seconds
Platform modules already initialized, skipping
Refreshing native plugins compatible for Editor in 0.41 ms, found 2 plugins.
Preloading 0 native plugins for Editor in 0.00 ms.
Unloading 1532 Unused Serialized files (Serialized files now loaded: 0)
System memory in use before: 89.7 MB.
System memory in use after: 89.8 MB.

Unloading 15 unused Assets to reduce memory usage. Loaded Objects now: 2018.
Total: 3.062800 ms (FindLiveObjects: 0.167800 ms CreateObjectMapping: 0.044800 ms MarkObjects: 2.763600 ms  DeleteObjects: 0.085500 ms)

========================================================================
Received Prepare
Registering precompiled user dll's ...
Registered in 0.002396 seconds.
Begin MonoManager ReloadAssembly
Native extension for WindowsStandalone target not found
Refreshing native plugins compatible for Editor in 0.36 ms, found 2 plugins.
Preloading 0 native plugins for Editor in 0.00 ms.
Mono: successfully reloaded assembly
- Completed reload, in  1.110 seconds
Platform modules already initialized, skipping
Refreshing native plugins compatible for Editor in 0.41 ms, found 2 plugins.
Preloading 0 native plugins for Editor in 0.00 ms.
Unloading 1532 Unused Serialized files (Serialized files now loaded: 0)
System memory in use before: 89.7 MB.
System memory in use after: 89.8 MB.

Unloading 15 unused Assets to reduce memory usage. Loaded Objects now: 2021.
Total: 2.423100 ms (FindLiveObjects: 0.298600 ms CreateObjectMapping: 0.068900 ms MarkObjects: 1.949700 ms  DeleteObjects: 0.104800 ms)

========================================================================
Received Import Request.
  Time since last request: 286.432945 seconds.
  path: Assets/DogKnight/Prefab/DogPolyart.prefab
  artifactKey: Guid(45288819fde2143449a96207b14db0bb) Importer(815301076,1909f56bfc062723c751e8b465ee728b)
Start importing Assets/DogKnight/Prefab/DogPolyart.prefab using Guid(45288819fde2143449a96207b14db0bb) Importer(815301076,1909f56bfc062723c751e8b465ee728b)  -> (artifact id: '0a6c84fee555cfe43c583fc1234097a1') in 0.155875 seconds
  Import took 0.160280 seconds .

========================================================================
Received Import Request.
  Time since last request: 3.377192 seconds.
  path: Assets/Prefabs/Shield.prefab
  artifactKey: Guid(410ddc099bc35de46b5c7af7656019fe) Importer(815301076,1909f56bfc062723c751e8b465ee728b)
Start importing Assets/Prefabs/Shield.prefab using Guid(410ddc099bc35de46b5c7af7656019fe) Importer(815301076,1909f56bfc062723c751e8b465ee728b)  -> (artifact id: '127232dc4fdb108b98d3060157310649') in 0.064132 seconds
  Import took 0.068428 seconds .

========================================================================
Received Prepare
Registering precompiled user dll's ...
Registered in 0.002599 seconds.
Begin MonoManager ReloadAssembly
Native extension for WindowsStandalone target not found
Refreshing native plugins compatible for Editor in 0.49 ms, found 2 plugins.
Preloading 0 native plugins for Editor in 0.00 ms.
Mono: successfully reloaded assembly
- Completed reload, in  1.029 seconds
Platform modules already initialized, skipping
Refreshing native plugins compatible for Editor in 0.48 ms, found 2 plugins.
Preloading 0 native plugins for Editor in 0.00 ms.
Unloading 1532 Unused Serialized files (Serialized files now loaded: 0)
System memory in use before: 89.7 MB.
System memory in use after: 89.8 MB.

Unloading 15 unused Assets to reduce memory usage. Loaded Objects now: 2025.
Total: 2.420100 ms (FindLiveObjects: 0.153000 ms CreateObjectMapping: 0.046500 ms MarkObjects: 2.125300 ms  DeleteObjects: 0.094300 ms)

========================================================================
Received Prepare
Registering precompiled user dll's ...
Registered in 0.002423 seconds.
Begin MonoManager ReloadAssembly
Native extension for WindowsStandalone target not found
Refreshing native plugins compatible for Editor in 0.44 ms, found 2 plugins.
Preloading 0 native plugins for Editor in 0.00 ms.
Mono: successfully reloaded assembly
- Completed reload, in  1.158 seconds
Platform modules already initialized, skipping
Refreshing native plugins compatible for Editor in 0.43 ms, found 2 plugins.
Preloading 0 native plugins for Editor in 0.00 ms.
Unloading 1532 Unused Serialized files (Serialized files now loaded: 0)
System memory in use before: 89.7 MB.
System memory in use after: 89.8 MB.

Unloading 15 unused Assets to reduce memory usage. Loaded Objects now: 2028.
Total: 2.160200 ms (FindLiveObjects: 0.145400 ms CreateObjectMapping: 0.044600 ms MarkObjects: 1.863700 ms  DeleteObjects: 0.105500 ms)

========================================================================
Received Prepare
Registering precompiled user dll's ...
Registered in 0.002355 seconds.
Begin MonoManager ReloadAssembly
Native extension for WindowsStandalone target not found
Refreshing native plugins compatible for Editor in 0.62 ms, found 2 plugins.
Preloading 0 native plugins for Editor in 0.00 ms.
Mono: successfully reloaded assembly
- Completed reload, in  1.111 seconds
Platform modules already initialized, skipping
Refreshing native plugins compatible for Editor in 0.45 ms, found 2 plugins.
Preloading 0 native plugins for Editor in 0.00 ms.
Unloading 1532 Unused Serialized files (Serialized files now loaded: 0)
System memory in use before: 89.7 MB.
System memory in use after: 89.8 MB.

Unloading 15 unused Assets to reduce memory usage. Loaded Objects now: 2031.
Total: 3.040500 ms (FindLiveObjects: 0.188700 ms CreateObjectMapping: 0.090500 ms MarkObjects: 2.644200 ms  DeleteObjects: 0.115300 ms)

========================================================================
Received Prepare
Registering precompiled user dll's ...
Registered in 0.002589 seconds.
Begin MonoManager ReloadAssembly
Native extension for WindowsStandalone target not found
Refreshing native plugins compatible for Editor in 0.41 ms, found 2 plugins.
Preloading 0 native plugins for Editor in 0.00 ms.
Mono: successfully reloaded assembly
- Completed reload, in  1.139 seconds
Platform modules already initialized, skipping
Refreshing native plugins compatible for Editor in 0.41 ms, found 2 plugins.
Preloading 0 native plugins for Editor in 0.00 ms.
Unloading 1532 Unused Serialized files (Serialized files now loaded: 0)
System memory in use before: 89.7 MB.
System memory in use after: 89.8 MB.

Unloading 15 unused Assets to reduce memory usage. Loaded Objects now: 2034.
Total: 2.822700 ms (FindLiveObjects: 0.193200 ms CreateObjectMapping: 0.056500 ms MarkObjects: 2.433500 ms  DeleteObjects: 0.119000 ms)

========================================================================
Received Prepare
Registering precompiled user dll's ...
Registered in 0.004263 seconds.
Begin MonoManager ReloadAssembly
Native extension for WindowsStandalone target not found
Refreshing native plugins compatible for Editor in 0.40 ms, found 2 plugins.
Preloading 0 native plugins for Editor in 0.00 ms.
Mono: successfully reloaded assembly
- Completed reload, in  0.997 seconds
Platform modules already initialized, skipping
Refreshing native plugins compatible for Editor in 0.35 ms, found 2 plugins.
Preloading 0 native plugins for Editor in 0.00 ms.
Unloading 1532 Unused Serialized files (Serialized files now loaded: 0)
System memory in use before: 89.7 MB.
System memory in use after: 89.8 MB.

Unloading 15 unused Assets to reduce memory usage. Loaded Objects now: 2037.
Total: 2.096500 ms (FindLiveObjects: 0.153700 ms CreateObjectMapping: 0.046300 ms MarkObjects: 1.803700 ms  DeleteObjects: 0.091800 ms)

========================================================================
Received Import Request.
  Time since last request: 797.950284 seconds.
  path: Assets/Prefabs/ItemUI.prefab
  artifactKey: Guid(8509d5d8060c8b941b4d41897411616b) Importer(815301076,1909f56bfc062723c751e8b465ee728b)
Start importing Assets/Prefabs/ItemUI.prefab using Guid(8509d5d8060c8b941b4d41897411616b) Importer(815301076,1909f56bfc062723c751e8b465ee728b)  -> (artifact id: '8fc176737d5eee9577225c388a6c6fb5') in 0.034384 seconds
  Import took 0.037234 seconds .

========================================================================
Received Import Request.
  Time since last request: 59.221932 seconds.
  path: Assets/Prefabs/Shield.prefab
  artifactKey: Guid(410ddc099bc35de46b5c7af7656019fe) Importer(815301076,1909f56bfc062723c751e8b465ee728b)
Start importing Assets/Prefabs/Shield.prefab using Guid(410ddc099bc35de46b5c7af7656019fe) Importer(815301076,1909f56bfc062723c751e8b465ee728b)  -> (artifact id: 'ca5cfd9117590f39015851b960f29bf8') in 0.060701 seconds
  Import took 0.065564 seconds .

========================================================================
Received Prepare
Registering precompiled user dll's ...
Registered in 0.002969 seconds.
Begin MonoManager ReloadAssembly
Native extension for WindowsStandalone target not found
Refreshing native plugins compatible for Editor in 0.50 ms, found 2 plugins.
Preloading 0 native plugins for Editor in 0.00 ms.
Mono: successfully reloaded assembly
- Completed reload, in  1.118 seconds
Platform modules already initialized, skipping
Refreshing native plugins compatible for Editor in 0.36 ms, found 2 plugins.
Preloading 0 native plugins for Editor in 0.00 ms.
Unloading 1532 Unused Serialized files (Serialized files now loaded: 0)
System memory in use before: 89.8 MB.
System memory in use after: 89.8 MB.

Unloading 15 unused Assets to reduce memory usage. Loaded Objects now: 2041.
Total: 2.110600 ms (FindLiveObjects: 0.139100 ms CreateObjectMapping: 0.039500 ms MarkObjects: 1.801400 ms  DeleteObjects: 0.129600 ms)

========================================================================
Received Import Request.
  Time since last request: 36.515461 seconds.
  path: Assets/Prefabs/ItemUI.prefab
  artifactKey: Guid(8509d5d8060c8b941b4d41897411616b) Importer(815301076,1909f56bfc062723c751e8b465ee728b)
Start importing Assets/Prefabs/ItemUI.prefab using Guid(8509d5d8060c8b941b4d41897411616b) Importer(815301076,1909f56bfc062723c751e8b465ee728b)  -> (artifact id: '5e518c52cbd1402902144d59432d4614') in 0.035911 seconds
  Import took 0.038898 seconds .

========================================================================
Received Import Request.
  Time since last request: 3.633894 seconds.
  path: Assets/Prefabs/ItemUI.prefab
  artifactKey: Guid(8509d5d8060c8b941b4d41897411616b) Importer(815301076,1909f56bfc062723c751e8b465ee728b)
Start importing Assets/Prefabs/ItemUI.prefab using Guid(8509d5d8060c8b941b4d41897411616b) Importer(815301076,1909f56bfc062723c751e8b465ee728b)  -> (artifact id: '6d712d28fb6963a990b76ba905ab890e') in 0.003614 seconds
  Import took 0.007476 seconds .

========================================================================
Received Prepare
Registering precompiled user dll's ...
Registered in 0.004315 seconds.
Begin MonoManager ReloadAssembly
Native extension for WindowsStandalone target not found
Refreshing native plugins compatible for Editor in 0.46 ms, found 2 plugins.
Preloading 0 native plugins for Editor in 0.00 ms.
Mono: successfully reloaded assembly
- Completed reload, in  1.235 seconds
Platform modules already initialized, skipping
Refreshing native plugins compatible for Editor in 0.39 ms, found 2 plugins.
Preloading 0 native plugins for Editor in 0.00 ms.
Unloading 1532 Unused Serialized files (Serialized files now loaded: 0)
System memory in use before: 89.8 MB.
System memory in use after: 89.8 MB.

Unloading 15 unused Assets to reduce memory usage. Loaded Objects now: 2044.
Total: 2.025500 ms (FindLiveObjects: 0.175800 ms CreateObjectMapping: 0.049900 ms MarkObjects: 1.715900 ms  DeleteObjects: 0.082900 ms)

========================================================================
Received Prepare
Registering precompiled user dll's ...
Registered in 0.003670 seconds.
Begin MonoManager ReloadAssembly
Native extension for WindowsStandalone target not found
Refreshing native plugins compatible for Editor in 0.42 ms, found 2 plugins.
Preloading 0 native plugins for Editor in 0.00 ms.
Mono: successfully reloaded assembly
- Completed reload, in  1.159 seconds
Platform modules already initialized, skipping
Refreshing native plugins compatible for Editor in 0.41 ms, found 2 plugins.
Preloading 0 native plugins for Editor in 0.00 ms.
Unloading 1532 Unused Serialized files (Serialized files now loaded: 0)
System memory in use before: 89.8 MB.
System memory in use after: 89.9 MB.

Unloading 15 unused Assets to reduce memory usage. Loaded Objects now: 2047.
Total: 2.343800 ms (FindLiveObjects: 0.203100 ms CreateObjectMapping: 0.077500 ms MarkObjects: 1.961200 ms  DeleteObjects: 0.101100 ms)

========================================================================
Received Prepare
Registering precompiled user dll's ...
Registered in 0.002401 seconds.
Begin MonoManager ReloadAssembly
Native extension for WindowsStandalone target not found
Refreshing native plugins compatible for Editor in 0.42 ms, found 2 plugins.
Preloading 0 native plugins for Editor in 0.00 ms.
Mono: successfully reloaded assembly
- Completed reload, in  1.060 seconds
Platform modules already initialized, skipping
Refreshing native plugins compatible for Editor in 0.44 ms, found 2 plugins.
Preloading 0 native plugins for Editor in 0.00 ms.
Unloading 1532 Unused Serialized files (Serialized files now loaded: 0)
System memory in use before: 89.8 MB.
System memory in use after: 89.9 MB.

Unloading 15 unused Assets to reduce memory usage. Loaded Objects now: 2050.
Total: 3.221000 ms (FindLiveObjects: 0.338700 ms CreateObjectMapping: 0.132900 ms MarkObjects: 2.628600 ms  DeleteObjects: 0.119400 ms)

========================================================================
Received Prepare
Registering precompiled user dll's ...
Registered in 0.002479 seconds.
Begin MonoManager ReloadAssembly
Native extension for WindowsStandalone target not found
Refreshing native plugins compatible for Editor in 0.48 ms, found 2 plugins.
Preloading 0 native plugins for Editor in 0.00 ms.
Mono: successfully reloaded assembly
- Completed reload, in  1.016 seconds
Platform modules already initialized, skipping
Refreshing native plugins compatible for Editor in 0.49 ms, found 2 plugins.
Preloading 0 native plugins for Editor in 0.00 ms.
Unloading 1532 Unused Serialized files (Serialized files now loaded: 0)
System memory in use before: 89.8 MB.
System memory in use after: 89.9 MB.

Unloading 15 unused Assets to reduce memory usage. Loaded Objects now: 2053.
Total: 3.205000 ms (FindLiveObjects: 0.356400 ms CreateObjectMapping: 0.106500 ms MarkObjects: 2.669900 ms  DeleteObjects: 0.070300 ms)

========================================================================
Received Prepare
Registering precompiled user dll's ...
Registered in 0.002311 seconds.
Begin MonoManager ReloadAssembly
Native extension for WindowsStandalone target not found
Refreshing native plugins compatible for Editor in 0.45 ms, found 2 plugins.
Preloading 0 native plugins for Editor in 0.00 ms.
Mono: successfully reloaded assembly
- Completed reload, in  1.164 seconds
Platform modules already initialized, skipping
Refreshing native plugins compatible for Editor in 0.51 ms, found 2 plugins.
Preloading 0 native plugins for Editor in 0.00 ms.
Unloading 1532 Unused Serialized files (Serialized files now loaded: 0)
System memory in use before: 89.8 MB.
System memory in use after: 89.9 MB.

Unloading 15 unused Assets to reduce memory usage. Loaded Objects now: 2056.
Total: 2.694700 ms (FindLiveObjects: 0.318700 ms CreateObjectMapping: 0.062400 ms MarkObjects: 2.181500 ms  DeleteObjects: 0.130900 ms)

========================================================================
Received Import Request.
  Time since last request: 365.297320 seconds.
  path: Assets/Prefabs/Shield.prefab
  artifactKey: Guid(410ddc099bc35de46b5c7af7656019fe) Importer(815301076,1909f56bfc062723c751e8b465ee728b)
Start importing Assets/Prefabs/Shield.prefab using Guid(410ddc099bc35de46b5c7af7656019fe) Importer(815301076,1909f56bfc062723c751e8b465ee728b)  -> (artifact id: '6180699d57cf02dce59881c145416aca') in 0.077704 seconds
  Import took 0.081465 seconds .

========================================================================
Received Import Request.
  Time since last request: 17.180003 seconds.
  path: Assets/Prefabs/Shield.prefab
  artifactKey: Guid(410ddc099bc35de46b5c7af7656019fe) Importer(815301076,1909f56bfc062723c751e8b465ee728b)
Start importing Assets/Prefabs/Shield.prefab using Guid(410ddc099bc35de46b5c7af7656019fe) Importer(815301076,1909f56bfc062723c751e8b465ee728b)  -> (artifact id: 'dd68c90cb8fabdd1300ef5a8d4d54b3e') in 0.022429 seconds
  Import took 0.026067 seconds .

========================================================================
Received Import Request.
  Time since last request: 0.009116 seconds.
  path: Assets/Prefabs/Shield.prefab
  artifactKey: Guid(410ddc099bc35de46b5c7af7656019fe) Importer(815301076,1909f56bfc062723c751e8b465ee728b)
Start importing Assets/Prefabs/Shield.prefab using Guid(410ddc099bc35de46b5c7af7656019fe) Importer(815301076,1909f56bfc062723c751e8b465ee728b)  -> (artifact id: 'dd68c90cb8fabdd1300ef5a8d4d54b3e') in 0.014872 seconds
  Import took 0.019191 seconds .

========================================================================
Received Prepare
Registering precompiled user dll's ...
Registered in 0.002316 seconds.
Begin MonoManager ReloadAssembly
Native extension for WindowsStandalone target not found
Refreshing native plugins compatible for Editor in 0.49 ms, found 2 plugins.
Preloading 0 native plugins for Editor in 0.00 ms.
Mono: successfully reloaded assembly
- Completed reload, in  1.048 seconds
Platform modules already initialized, skipping
Refreshing native plugins compatible for Editor in 0.37 ms, found 2 plugins.
Preloading 0 native plugins for Editor in 0.00 ms.
Unloading 1532 Unused Serialized files (Serialized files now loaded: 0)
System memory in use before: 89.8 MB.
System memory in use after: 89.9 MB.

Unloading 15 unused Assets to reduce memory usage. Loaded Objects now: 2060.
Total: 2.042600 ms (FindLiveObjects: 0.140700 ms CreateObjectMapping: 0.042800 ms MarkObjects: 1.754600 ms  DeleteObjects: 0.103700 ms)

========================================================================
Received Prepare
Registering precompiled user dll's ...
Registered in 0.003452 seconds.
Begin MonoManager ReloadAssembly
Native extension for WindowsStandalone target not found
Refreshing native plugins compatible for Editor in 0.49 ms, found 2 plugins.
Preloading 0 native plugins for Editor in 0.00 ms.
Mono: successfully reloaded assembly
- Completed reload, in  1.585 seconds
Platform modules already initialized, skipping
Refreshing native plugins compatible for Editor in 0.52 ms, found 2 plugins.
Preloading 0 native plugins for Editor in 0.00 ms.
Unloading 1532 Unused Serialized files (Serialized files now loaded: 0)
System memory in use before: 89.8 MB.
System memory in use after: 89.9 MB.

Unloading 15 unused Assets to reduce memory usage. Loaded Objects now: 2063.
Total: 3.437500 ms (FindLiveObjects: 0.227100 ms CreateObjectMapping: 0.078100 ms MarkObjects: 2.982900 ms  DeleteObjects: 0.147900 ms)

========================================================================
Received Import Request.
  Time since last request: 224.331128 seconds.
  path: Assets/Prefabs/Items
  artifactKey: Guid(9f9b2baaba3039443b9f2f2d4e015c4c) Importer(815301076,1909f56bfc062723c751e8b465ee728b)
Start importing Assets/Prefabs/Items using Guid(9f9b2baaba3039443b9f2f2d4e015c4c) Importer(815301076,1909f56bfc062723c751e8b465ee728b)  -> (artifact id: '1c048d41513c37bafdd71d041b14a619') in 0.005869 seconds
  Import took 0.010670 seconds .

========================================================================
Received Prepare
Registering precompiled user dll's ...
Registered in 0.002542 seconds.
Begin MonoManager ReloadAssembly
Native extension for WindowsStandalone target not found
Refreshing native plugins compatible for Editor in 0.49 ms, found 2 plugins.
Preloading 0 native plugins for Editor in 0.00 ms.
Mono: successfully reloaded assembly
- Completed reload, in  1.127 seconds
Platform modules already initialized, skipping
Refreshing native plugins compatible for Editor in 0.54 ms, found 2 plugins.
Preloading 0 native plugins for Editor in 0.00 ms.
Unloading 1532 Unused Serialized files (Serialized files now loaded: 0)
System memory in use before: 89.8 MB.
System memory in use after: 89.9 MB.

Unloading 15 unused Assets to reduce memory usage. Loaded Objects now: 2066.
Total: 2.683900 ms (FindLiveObjects: 0.154700 ms CreateObjectMapping: 0.048700 ms MarkObjects: 2.377800 ms  DeleteObjects: 0.101500 ms)

========================================================================
Received Prepare
Registering precompiled user dll's ...
Registered in 0.002441 seconds.
Begin MonoManager ReloadAssembly
Native extension for WindowsStandalone target not found
Refreshing native plugins compatible for Editor in 0.96 ms, found 2 plugins.
Preloading 0 native plugins for Editor in 0.00 ms.
Mono: successfully reloaded assembly
- Completed reload, in  1.237 seconds
Platform modules already initialized, skipping
Refreshing native plugins compatible for Editor in 0.60 ms, found 2 plugins.
Preloading 0 native plugins for Editor in 0.00 ms.
Unloading 1532 Unused Serialized files (Serialized files now loaded: 0)
System memory in use before: 89.8 MB.
System memory in use after: 89.9 MB.

Unloading 15 unused Assets to reduce memory usage. Loaded Objects now: 2069.
Total: 5.246000 ms (FindLiveObjects: 0.191800 ms CreateObjectMapping: 0.050600 ms MarkObjects: 4.854400 ms  DeleteObjects: 0.147000 ms)

========================================================================
Received Prepare
Registering precompiled user dll's ...
Registered in 0.004607 seconds.
Begin MonoManager ReloadAssembly
Native extension for WindowsStandalone target not found
Refreshing native plugins compatible for Editor in 0.61 ms, found 2 plugins.
Preloading 0 native plugins for Editor in 0.00 ms.
Mono: successfully reloaded assembly
- Completed reload, in  1.198 seconds
Platform modules already initialized, skipping
Refreshing native plugins compatible for Editor in 0.40 ms, found 2 plugins.
Preloading 0 native plugins for Editor in 0.00 ms.
Unloading 1532 Unused Serialized files (Serialized files now loaded: 0)
System memory in use before: 89.8 MB.
System memory in use after: 89.9 MB.

Unloading 15 unused Assets to reduce memory usage. Loaded Objects now: 2072.
Total: 2.604000 ms (FindLiveObjects: 0.192200 ms CreateObjectMapping: 0.044300 ms MarkObjects: 2.246500 ms  DeleteObjects: 0.120200 ms)

========================================================================
Received Prepare
Registering precompiled user dll's ...
Registered in 0.002397 seconds.
Begin MonoManager ReloadAssembly
Native extension for WindowsStandalone target not found
Refreshing native plugins compatible for Editor in 1.21 ms, found 2 plugins.
Preloading 0 native plugins for Editor in 0.00 ms.
Mono: successfully reloaded assembly
- Completed reload, in  1.558 seconds
Platform modules already initialized, skipping
Refreshing native plugins compatible for Editor in 0.89 ms, found 2 plugins.
Preloading 0 native plugins for Editor in 0.00 ms.
Unloading 1532 Unused Serialized files (Serialized files now loaded: 0)
System memory in use before: 89.8 MB.
System memory in use after: 89.9 MB.

Unloading 15 unused Assets to reduce memory usage. Loaded Objects now: 2075.
Total: 4.279700 ms (FindLiveObjects: 0.267400 ms CreateObjectMapping: 0.082100 ms MarkObjects: 3.814400 ms  DeleteObjects: 0.114200 ms)

========================================================================
Received Prepare
Registering precompiled user dll's ...
Registered in 0.004712 seconds.
Begin MonoManager ReloadAssembly
Native extension for WindowsStandalone target not found
Refreshing native plugins compatible for Editor in 0.54 ms, found 2 plugins.
Preloading 0 native plugins for Editor in 0.00 ms.
Mono: successfully reloaded assembly
- Completed reload, in  1.800 seconds
Platform modules already initialized, skipping
Refreshing native plugins compatible for Editor in 0.84 ms, found 2 plugins.
Preloading 0 native plugins for Editor in 0.00 ms.
Unloading 1532 Unused Serialized files (Serialized files now loaded: 0)
System memory in use before: 89.8 MB.
System memory in use after: 89.9 MB.

Unloading 15 unused Assets to reduce memory usage. Loaded Objects now: 2078.
Total: 3.521800 ms (FindLiveObjects: 0.286800 ms CreateObjectMapping: 0.057500 ms MarkObjects: 3.046200 ms  DeleteObjects: 0.129600 ms)

========================================================================
Received Prepare
Registering precompiled user dll's ...
Registered in 0.002436 seconds.
Begin MonoManager ReloadAssembly
Native extension for WindowsStandalone target not found
Refreshing native plugins compatible for Editor in 0.35 ms, found 2 plugins.
Preloading 0 native plugins for Editor in 0.00 ms.
Mono: successfully reloaded assembly
- Completed reload, in  1.090 seconds
Platform modules already initialized, skipping
Refreshing native plugins compatible for Editor in 0.37 ms, found 2 plugins.
Preloading 0 native plugins for Editor in 0.00 ms.
Unloading 1532 Unused Serialized files (Serialized files now loaded: 0)
System memory in use before: 89.8 MB.
System memory in use after: 89.9 MB.

Unloading 15 unused Assets to reduce memory usage. Loaded Objects now: 2081.
Total: 2.684400 ms (FindLiveObjects: 0.193600 ms CreateObjectMapping: 0.039900 ms MarkObjects: 2.317400 ms  DeleteObjects: 0.132500 ms)

========================================================================
Received Prepare
Registering precompiled user dll's ...
Registered in 0.002306 seconds.
Begin MonoManager ReloadAssembly
Native extension for WindowsStandalone target not found
Refreshing native plugins compatible for Editor in 0.36 ms, found 2 plugins.
Preloading 0 native plugins for Editor in 0.00 ms.
Mono: successfully reloaded assembly
- Completed reload, in  1.207 seconds
Platform modules already initialized, skipping
Refreshing native plugins compatible for Editor in 0.73 ms, found 2 plugins.
Preloading 0 native plugins for Editor in 0.00 ms.
Unloading 1532 Unused Serialized files (Serialized files now loaded: 0)
System memory in use before: 89.8 MB.
System memory in use after: 89.9 MB.

Unloading 15 unused Assets to reduce memory usage. Loaded Objects now: 2084.
Total: 3.540800 ms (FindLiveObjects: 0.298000 ms CreateObjectMapping: 0.061000 ms MarkObjects: 3.052200 ms  DeleteObjects: 0.128600 ms)

========================================================================
Received Prepare
Registering precompiled user dll's ...
Registered in 0.002428 seconds.
Begin MonoManager ReloadAssembly
Native extension for WindowsStandalone target not found
Refreshing native plugins compatible for Editor in 0.39 ms, found 2 plugins.
Preloading 0 native plugins for Editor in 0.00 ms.
Mono: successfully reloaded assembly
- Completed reload, in  1.021 seconds
Platform modules already initialized, skipping
Refreshing native plugins compatible for Editor in 0.36 ms, found 2 plugins.
Preloading 0 native plugins for Editor in 0.00 ms.
Unloading 1532 Unused Serialized files (Serialized files now loaded: 0)
System memory in use before: 89.8 MB.
System memory in use after: 89.9 MB.

Unloading 15 unused Assets to reduce memory usage. Loaded Objects now: 2087.
Total: 2.168200 ms (FindLiveObjects: 0.175800 ms CreateObjectMapping: 0.068900 ms MarkObjects: 1.848000 ms  DeleteObjects: 0.074100 ms)

========================================================================
Received Prepare
Registering precompiled user dll's ...
Registered in 0.002853 seconds.
Begin MonoManager ReloadAssembly
Native extension for WindowsStandalone target not found
Refreshing native plugins compatible for Editor in 0.43 ms, found 2 plugins.
Preloading 0 native plugins for Editor in 0.00 ms.
Mono: successfully reloaded assembly
- Completed reload, in  1.266 seconds
Platform modules already initialized, skipping
Refreshing native plugins compatible for Editor in 0.40 ms, found 2 plugins.
Preloading 0 native plugins for Editor in 0.00 ms.
Unloading 1532 Unused Serialized files (Serialized files now loaded: 0)
System memory in use before: 89.8 MB.
System memory in use after: 89.9 MB.

Unloading 15 unused Assets to reduce memory usage. Loaded Objects now: 2090.
Total: 2.655400 ms (FindLiveObjects: 0.228900 ms CreateObjectMapping: 0.058700 ms MarkObjects: 2.249100 ms  DeleteObjects: 0.117400 ms)

========================================================================
Received Prepare
Registering precompiled user dll's ...
Registered in 0.002427 seconds.
Begin MonoManager ReloadAssembly
Native extension for WindowsStandalone target not found
Refreshing native plugins compatible for Editor in 0.49 ms, found 2 plugins.
Preloading 0 native plugins for Editor in 0.00 ms.
Mono: successfully reloaded assembly
- Completed reload, in  1.187 seconds
Platform modules already initialized, skipping
Refreshing native plugins compatible for Editor in 0.42 ms, found 2 plugins.
Preloading 0 native plugins for Editor in 0.00 ms.
Unloading 1532 Unused Serialized files (Serialized files now loaded: 0)
System memory in use before: 89.8 MB.
System memory in use after: 89.9 MB.

Unloading 15 unused Assets to reduce memory usage. Loaded Objects now: 2093.
Total: 2.479400 ms (FindLiveObjects: 0.187600 ms CreateObjectMapping: 0.044900 ms MarkObjects: 2.110700 ms  DeleteObjects: 0.135200 ms)

========================================================================
Received Prepare
Registering precompiled user dll's ...
Registered in 0.003197 seconds.
Begin MonoManager ReloadAssembly
Native extension for WindowsStandalone target not found
Refreshing native plugins compatible for Editor in 0.47 ms, found 2 plugins.
Preloading 0 native plugins for Editor in 0.00 ms.
Mono: successfully reloaded assembly
- Completed reload, in  0.998 seconds
Platform modules already initialized, skipping
Refreshing native plugins compatible for Editor in 0.35 ms, found 2 plugins.
Preloading 0 native plugins for Editor in 0.00 ms.
Unloading 1532 Unused Serialized files (Serialized files now loaded: 0)
System memory in use before: 89.8 MB.
System memory in use after: 89.9 MB.

Unloading 15 unused Assets to reduce memory usage. Loaded Objects now: 2096.
Total: 2.481300 ms (FindLiveObjects: 0.149800 ms CreateObjectMapping: 0.041100 ms MarkObjects: 2.217700 ms  DeleteObjects: 0.071800 ms)

========================================================================
Received Prepare
Registering precompiled user dll's ...
Registered in 0.003956 seconds.
Begin MonoManager ReloadAssembly
Native extension for WindowsStandalone target not found
Refreshing native plugins compatible for Editor in 0.73 ms, found 2 plugins.
Preloading 0 native plugins for Editor in 0.00 ms.
Mono: successfully reloaded assembly
- Completed reload, in  1.950 seconds
Platform modules already initialized, skipping
Refreshing native plugins compatible for Editor in 0.74 ms, found 2 plugins.
Preloading 0 native plugins for Editor in 0.00 ms.
Unloading 1532 Unused Serialized files (Serialized files now loaded: 0)
System memory in use before: 89.8 MB.
System memory in use after: 89.9 MB.

Unloading 15 unused Assets to reduce memory usage. Loaded Objects now: 2099.
Total: 3.884600 ms (FindLiveObjects: 0.211000 ms CreateObjectMapping: 0.062500 ms MarkObjects: 3.517200 ms  DeleteObjects: 0.091600 ms)

========================================================================
Received Prepare
Registering precompiled user dll's ...
Registered in 0.003562 seconds.
Begin MonoManager ReloadAssembly
Native extension for WindowsStandalone target not found
Refreshing native plugins compatible for Editor in 0.36 ms, found 2 plugins.
Preloading 0 native plugins for Editor in 0.00 ms.
Mono: successfully reloaded assembly
- Completed reload, in  1.062 seconds
Platform modules already initialized, skipping
Refreshing native plugins compatible for Editor in 0.37 ms, found 2 plugins.
Preloading 0 native plugins for Editor in 0.00 ms.
Unloading 1532 Unused Serialized files (Serialized files now loaded: 0)
System memory in use before: 89.9 MB.
System memory in use after: 89.9 MB.

Unloading 15 unused Assets to reduce memory usage. Loaded Objects now: 2102.
Total: 2.088100 ms (FindLiveObjects: 0.155900 ms CreateObjectMapping: 0.046500 ms MarkObjects: 1.762500 ms  DeleteObjects: 0.122200 ms)

========================================================================
Received Prepare
Registering precompiled user dll's ...
Registered in 0.002471 seconds.
Begin MonoManager ReloadAssembly
Native extension for WindowsStandalone target not found
Refreshing native plugins compatible for Editor in 0.35 ms, found 2 plugins.
Preloading 0 native plugins for Editor in 0.00 ms.
Mono: successfully reloaded assembly
- Completed reload, in  1.027 seconds
Platform modules already initialized, skipping
Refreshing native plugins compatible for Editor in 0.39 ms, found 2 plugins.
Preloading 0 native plugins for Editor in 0.00 ms.
Unloading 1532 Unused Serialized files (Serialized files now loaded: 0)
System memory in use before: 89.9 MB.
System memory in use after: 89.9 MB.

Unloading 15 unused Assets to reduce memory usage. Loaded Objects now: 2105.
Total: 2.219400 ms (FindLiveObjects: 0.151100 ms CreateObjectMapping: 0.043400 ms MarkObjects: 1.922800 ms  DeleteObjects: 0.101300 ms)

========================================================================
Received Import Request.
  Time since last request: 3884.060122 seconds.
  path: ProjectSettings/TagManager.asset
  artifactKey: Guid(00000000000000003000000000000000) Importer(815301076,1909f56bfc062723c751e8b465ee728b)
Start importing ProjectSettings/TagManager.asset using Guid(00000000000000003000000000000000) Importer(815301076,1909f56bfc062723c751e8b465ee728b)  -> (artifact id: '0d1d8ddd74eba63d8f6d6968940ec433') in 0.040914 seconds
  Import took 0.045003 seconds .

========================================================================
Received Import Request.
  Time since last request: 0.000809 seconds.
  path: ProjectSettings/TagManager.asset
  artifactKey: Guid(00000000000000003000000000000000) Importer(815301076,1909f56bfc062723c751e8b465ee728b)
Start importing ProjectSettings/TagManager.asset using Guid(00000000000000003000000000000000) Importer(815301076,1909f56bfc062723c751e8b465ee728b)  -> (artifact id: '0d1d8ddd74eba63d8f6d6968940ec433') in 0.002795 seconds
  Import took 0.006465 seconds .

========================================================================
Received Prepare
Registering precompiled user dll's ...
Registered in 0.002376 seconds.
Begin MonoManager ReloadAssembly
Native extension for WindowsStandalone target not found
Refreshing native plugins compatible for Editor in 0.38 ms, found 2 plugins.
Preloading 0 native plugins for Editor in 0.00 ms.
Mono: successfully reloaded assembly
- Completed reload, in  1.118 seconds
Platform modules already initialized, skipping
Refreshing native plugins compatible for Editor in 0.51 ms, found 2 plugins.
Preloading 0 native plugins for Editor in 0.00 ms.
Unloading 1532 Unused Serialized files (Serialized files now loaded: 0)
System memory in use before: 89.9 MB.
System memory in use after: 90.0 MB.

Unloading 17 unused Assets to reduce memory usage. Loaded Objects now: 2108.
Total: 2.436500 ms (FindLiveObjects: 0.249000 ms CreateObjectMapping: 0.052600 ms MarkObjects: 2.004300 ms  DeleteObjects: 0.129700 ms)

